[2025-04-02T18:54:11.782Z] Conta criada - Usuário ID: 1
[2025-04-02T19:15:55.208Z] Conta criada - Usuário ID: 2
[2025-04-02T19:15:55.359Z] Login bem-sucedido - Usuário: teste@email.com
[2025-04-02T19:15:55.447Z] Conta criada - Usuário ID: 3
[2025-04-02T19:15:55.851Z] Login bem-sucedido - Usuário: usuario@email.com
[2025-04-02T19:15:56.043Z] Conta excluída - Usuário ID: 3
[2025-04-02T19:20:12.784Z] Conta criada - Usuário ID: 4
[2025-04-02T19:20:56.378Z] Conta criada - Usuário ID: 5
[2025-04-02T19:33:46.672Z] Conta criada - Usuário ID: 6
[2025-04-02T19:35:06.068Z] Conta criada - Usuário ID: 7
[2025-04-02T19:36:52.778Z] Conta criada - Usuário ID: 8
[2025-04-02T19:37:56.102Z] Conta criada - Usuário ID: 9
[2025-04-02T19:40:54.175Z] Conta criada - Usuário ID: 10
[2025-04-02T19:48:39.173Z] Conta criada - Usuário ID: 11
[2025-04-02T21:59:02.014Z] Login bem-sucedido - Usuário: teste@email.com
[2025-04-02T21:59:02.091Z] Conta criada - Usuário ID: 12
[2025-04-02T21:59:02.310Z] Login bem-sucedido - Usuário: usuario@email.com
[2025-04-02T21:59:02.462Z] Conta excluída - Usuário ID: 12
[2025-04-02T22:47:04.230Z] Login bem-sucedido - Usuário: teste@email.com
[2025-04-02T22:47:42.616Z] Login bem-sucedido - Usuário: teste@email.com
[2025-04-02T22:59:29.799Z] Conta criada - Usuário ID: 13
[2025-04-02T23:01:41.282Z] Login bem-sucedido - Usuário: vasquesgabriel91@gmail.com
[2025-04-03T02:53:35.268Z] Conta criada - Usuário ID: undefined
[2025-04-03T02:54:12.529Z] Conta criada - Usuário ID: undefined
[2025-04-03T02:54:16.908Z] Conta criada - Usuário ID: undefined
[2025-04-03T02:54:17.394Z] Conta criada - Usuário ID: undefined
[2025-04-03T02:54:17.604Z] Conta criada - Usuário ID: undefined
[2025-04-03T02:54:17.722Z] Conta criada - Usuário ID: undefined
[2025-04-03T02:54:17.967Z] Conta criada - Usuário ID: undefined
[2025-04-03T02:54:18.074Z] Conta criada - Usuário ID: undefined
[2025-04-03T02:54:18.292Z] Conta criada - Usuário ID: undefined
[2025-04-03T02:54:18.396Z] Conta criada - Usuário ID: undefined
[2025-04-03T02:54:18.586Z] Conta criada - Usuário ID: undefined
[2025-04-03T02:54:18.882Z] Conta criada - Usuário ID: undefined
[2025-04-03T02:54:19.081Z] Conta criada - Usuário ID: undefined
[2025-04-03T02:54:19.289Z] Conta criada - Usuário ID: undefined
[2025-04-03T02:54:19.407Z] Conta criada - Usuário ID: undefined
[2025-04-03T02:54:19.608Z] Conta criada - Usuário ID: undefined
[2025-04-03T02:55:20.247Z] Conta criada - Usuário ID: null
[2025-04-03T02:55:50.816Z] Conta criada - Usuário ID: [object Object]
[2025-04-03T03:00:10.432Z] Conta criada - Usuário ID: [object Object]
[2025-04-03T03:00:12.119Z] Conta criada - Usuário ID: [object Object]
[2025-04-03T03:20:05.086Z] Conta criada - Usuário ID: 2
[2025-04-04T21:21:32.367Z] Conta criada - Administrador ID: 1
[2025-04-04T21:25:57.065Z] Conta criada - Usuário ID: 2
[2025-04-17T02:22:37.758Z] Conta criada - Usuário ID: 1
[2025-04-17T02:22:58.917Z] Conta criada - Administrador ID: 2
[2025-04-17T02:54:01.235Z] Falha no login - Email: vasquesgabriel91@gmail.com
[2025-04-17T02:54:15.965Z] Login bem-sucedido - Usuário: vasquesgsabrielw91@gmail.com
[2025-04-18T19:20:31.576Z] Conta criada - Administrador ID: 1
[2025-04-18T19:21:16.236Z] Login bem-sucedido - Usuário: joao.silva@email.com
[2025-04-18T19:56:57.059Z] Login bem-sucedido - Usuário: joao.silva@email.com
[2025-04-18T20:12:19.980Z] Login bem-sucedido - Usuário: joao.silva@email.com
[2025-04-18T20:24:45.832Z] Login bem-sucedido - Usuário: joao.silva@email.com
[2025-04-23T02:20:17.911Z] Conta criada - Administrador ID: 1
[2025-04-23T02:20:25.772Z] Login bem-sucedido - Usuário: joao.silva@email.com
[2025-04-23T02:38:06.607Z] Login bem-sucedido - Usuário: joao.silva@email.com
[2025-04-23T02:51:34.166Z] Login bem-sucedido - Usuário: joao.silva@email.com
[2025-04-23T02:52:32.202Z] Login bem-sucedido - Usuário: joao.silva@email.com
[2025-04-23T02:54:41.527Z] Login bem-sucedido - Usuário: joao.silva@email.com
[2025-04-23T02:59:10.984Z] Login bem-sucedido - Usuário: joao.silva@email.com
[2025-04-23T03:03:43.144Z] Login bem-sucedido - Usuário: joao.silva@email.com
[2025-04-23T03:04:00.150Z] Login bem-sucedido - Usuário: joao.silva@email.com
[2025-04-23T03:05:55.474Z] Login bem-sucedido - Usuário: joao.silva@email.com
[2025-04-23T03:07:13.691Z] Login bem-sucedido - Usuário: joao.silva@email.com
[2025-04-23T03:08:22.478Z] Login bem-sucedido - Usuário: joao.silva@email.com
[2025-04-23T03:11:17.852Z] Login bem-sucedido - Usuário: joao.silva@email.com
[2025-04-23T03:19:15.139Z] Login bem-sucedido - Usuário: joao.silva@email.com
[2025-04-23T03:20:24.409Z] Login bem-sucedido - Usuário: joao.silva@email.com
[2025-04-23T03:34:01.021Z] Login bem-sucedido - Usuário: joao.silva@email.com
[2025-04-23T03:36:28.764Z] Login bem-sucedido - Usuário: joao.silva@email.com
[2025-04-23T03:38:54.812Z] Login bem-sucedido - Usuário: joao.silva@email.com
[2025-04-23T03:44:00.110Z] Login bem-sucedido - Usuário: joao.silva@email.com
[2025-04-23T04:22:21.655Z] Login bem-sucedido - Usuário: joao.silva@email.com
[2025-04-24T01:41:39.317Z] Login bem-sucedido - Usuário: joao.silva@email.com
[2025-04-24T02:19:01.023Z] Erro ao criar agendamento:
[2025-04-24T02:20:00.258Z] Erro ao criar agendamento:
[2025-04-24T02:20:46.700Z] Erro ao criar agendamento:
[2025-04-24T02:20:49.585Z] Erro ao criar agendamento:
[2025-04-24T02:20:49.740Z] Erro ao criar agendamento:
[2025-04-24T02:21:24.208Z] Erro ao criar agendamento:
[2025-04-24T02:33:59.072Z] Erro ao criar agendamento:
[2025-04-24T02:51:43.979Z] Login bem-sucedido - Usuário: joao.silva@email.com
[2025-04-24T02:52:01.451Z] Erro ao criar agendamento:
[2025-04-24T02:54:27.663Z] Erro ao criar agendamento:
[2025-04-24T02:55:29.441Z] Erro ao criar agendamento:
[2025-04-24T02:55:45.372Z] Erro ao criar agendamento:
[2025-04-24T03:19:13.687Z] Erro ao criar agendamento:
[2025-04-24T03:19:38.232Z] Erro ao criar agendamento:
[2025-04-24T03:19:51.259Z] Erro ao criar agendamento:
[2025-04-24T03:19:58.900Z] Erro ao criar agendamento:
[2025-04-24T03:20:24.603Z] Erro ao criar agendamento:
[2025-04-24T03:21:33.512Z] Erro ao criar agendamento:
[2025-04-24T03:24:16.006Z] Erro ao criar agendamento:
[2025-04-24T03:24:18.440Z] Erro ao criar agendamento:
[2025-04-24T03:31:00.969Z] Erro ao criar agendamento:
[2025-04-24T03:42:04.578Z] Erro ao criar agendamento:
[2025-04-24T03:46:41.383Z] Erro ao criar agendamento:
[2025-04-24T03:51:02.856Z] Erro ao criar agendamento:
[2025-04-24T03:51:07.686Z] Erro ao criar agendamento:
[2025-04-24T03:52:01.044Z] Login bem-sucedido - Usuário: joao.silva@email.com
[2025-04-24T03:52:15.749Z] Erro ao criar agendamento:
[2025-04-24T03:52:28.304Z] Erro ao criar agendamento:
[2025-04-24T03:53:00.711Z] Erro ao criar agendamento:
[2025-04-24T03:53:01.936Z] Erro ao criar agendamento:
[2025-04-24T03:53:02.402Z] Erro ao criar agendamento:
[2025-04-24T03:53:02.587Z] Erro ao criar agendamento:
[2025-04-24T03:53:16.370Z] Erro ao criar agendamento:
[2025-04-24T03:54:43.426Z] Erro ao criar agendamento:
[2025-04-24T03:54:43.912Z] Erro ao criar agendamento:
[2025-04-24T03:54:44.159Z] Erro ao criar agendamento:
[2025-04-24T03:54:44.280Z] Erro ao criar agendamento:
[2025-04-24T03:55:29.510Z] Erro ao criar agendamento:
[2025-04-24T03:56:20.741Z] Erro ao criar agendamento:
[2025-04-24T03:57:26.399Z] Erro ao criar agendamento:
[2025-04-24T03:57:27.372Z] Erro ao criar agendamento:
[2025-04-24T03:57:27.565Z] Erro ao criar agendamento:
[2025-04-24T03:57:27.716Z] Erro ao criar agendamento:
[2025-04-24T03:57:27.977Z] Erro ao criar agendamento:
[2025-04-24T03:57:28.102Z] Erro ao criar agendamento:
[2025-04-24T03:57:28.236Z] Erro ao criar agendamento:
[2025-04-24T03:57:28.419Z] Erro ao criar agendamento:
[2025-04-24T03:57:28.734Z] Erro ao criar agendamento:
[2025-04-24T03:57:28.963Z] Erro ao criar agendamento:
[2025-04-24T03:57:29.059Z] Erro ao criar agendamento:
[2025-04-24T03:57:29.345Z] Erro ao criar agendamento:
[2025-04-24T03:57:29.399Z] Erro ao criar agendamento:
[2025-04-24T03:57:29.547Z] Erro ao criar agendamento:
[2025-04-24T03:57:29.687Z] Erro ao criar agendamento:
[2025-04-24T03:57:29.922Z] Erro ao criar agendamento:
[2025-04-24T03:57:30.011Z] Erro ao criar agendamento:
[2025-04-24T04:00:04.909Z] Erro ao criar agendamento:
[2025-04-24T04:00:16.595Z] Erro ao criar agendamento:
[2025-04-24T04:00:19.967Z] Erro ao criar agendamento:
[2025-04-24T04:03:09.540Z] Erro ao criar agendamento:
[2025-04-24T04:15:08.016Z] Erro ao criar agendamento:
[2025-04-24T04:15:13.875Z] Erro ao criar agendamento:
[2025-04-24T04:16:44.127Z] Erro ao criar agendamento:
[2025-04-24T04:16:52.810Z] Erro ao criar agendamento:
[2025-04-24T04:17:02.436Z] Erro ao criar agendamento:
[2025-04-24T04:19:33.919Z] Erro ao criar agendamento:
[2025-04-24T04:19:43.741Z] Erro ao criar agendamento:
[2025-04-24T04:20:00.417Z] Erro ao criar agendamento:
[2025-04-24T04:20:32.185Z] Erro ao criar agendamento:
[2025-04-24T04:22:27.088Z] Erro ao criar agendamento:
[2025-04-24T04:24:29.925Z] Erro ao criar agendamento:
[2025-04-24T04:24:31.025Z] Erro ao criar agendamento:
[2025-04-24T04:24:32.050Z] Erro ao criar agendamento:
[2025-04-24T04:24:36.145Z] Erro ao criar agendamento:
[2025-04-24T04:25:07.694Z] Erro ao criar agendamento:
[2025-04-24T04:25:09.694Z] Erro ao criar agendamento:
[2025-04-24T04:25:15.170Z] Erro ao criar agendamento:
[2025-04-24T04:25:16.972Z] Erro ao criar agendamento:
[2025-04-24T04:26:03.817Z] Erro ao criar agendamento:
[2025-04-24T04:26:04.879Z] Erro ao criar agendamento:
[2025-04-24T04:26:05.521Z] Erro ao criar agendamento:
[2025-04-24T04:26:10.663Z] Erro ao criar agendamento:
[2025-04-24T04:26:11.272Z] Erro ao criar agendamento:
[2025-04-24T04:26:11.660Z] Erro ao criar agendamento:
[2025-04-24T04:26:12.082Z] Erro ao criar agendamento:
[2025-04-24T04:26:32.480Z] Erro ao criar agendamento:
[2025-04-24T04:26:40.830Z] Erro ao criar agendamento:
[2025-04-24T04:26:45.592Z] Erro ao criar agendamento:
[2025-04-24T04:26:51.295Z] Erro ao criar agendamento:
[2025-04-24T22:54:42.177Z] Login bem-sucedido - Usuário: joao.silva@email.com
[2025-04-24T23:56:34.358Z] Login bem-sucedido - Usuário: joao.silva@email.com
[2025-04-25T00:19:29.421Z] Erro ao atualizar agendamento:
[2025-04-25T00:20:07.892Z] Erro ao atualizar agendamento:
[2025-04-25T00:20:12.901Z] Erro ao atualizar agendamento:
[2025-04-25T00:20:18.829Z] Erro ao atualizar agendamento:
[2025-04-25T00:21:01.555Z] Erro ao atualizar agendamento:
[2025-04-25T00:21:37.696Z] Erro ao atualizar agendamento:
[2025-04-25T00:24:51.407Z] Agendamento atualizado com sucesso!
[2025-04-25T00:25:35.722Z] Agendamento atualizado com sucesso!
[2025-04-25T00:44:42.011Z] Agendamento atualizado com sucesso!
[2025-04-25T00:44:42.614Z] Agendamento atualizado com sucesso!
[2025-04-25T00:44:42.883Z] Agendamento atualizado com sucesso!
[2025-04-25T00:48:37.219Z] Agendamento atualizado com sucesso!
[2025-04-25T01:01:24.506Z] Login bem-sucedido - Usuário: joao.silva@email.com
[2025-04-25T01:01:42.844Z] Agendamento atualizado com sucesso!
[2025-04-25T01:06:09.002Z] Agendamento atualizado com sucesso!
[2025-04-25T01:06:09.714Z] Agendamento atualizado com sucesso!
[2025-04-25T01:06:24.683Z] Agendamento atualizado com sucesso!
[2025-04-25T01:06:28.620Z] Agendamento atualizado com sucesso!
[2025-04-25T01:07:41.159Z] Agendamento atualizado com sucesso!
[2025-04-25T01:30:07.499Z] Agendamento atualizado com sucesso!
[2025-04-25T01:31:41.821Z] Login bem-sucedido - Usuário: joao.silva@email.com
[2025-04-26T00:07:06.562Z] Login bem-sucedido - Usuário: joao.silva@email.com
[2025-04-26T00:07:24.508Z] Agendamento atualizado com sucesso!
[2025-04-26T01:37:46.161Z] Conta criada - Administrador ID: 7
[2025-04-26T01:45:47.641Z] Conta criada - Administrador ID: 8
[2025-04-26T01:58:33.764Z] Login bem-sucedido - Usuário: luizin@gmail.com
[2025-04-26T02:18:38.507Z] Erro ao criar agendamento:
[2025-04-26T02:19:19.112Z] Erro ao criar agendamento:
[2025-04-26T02:20:00.899Z] Erro ao criar agendamento:
[2025-04-26T02:20:01.688Z] Erro ao criar agendamento:
[2025-04-26T02:20:02.311Z] Erro ao criar agendamento:
[2025-04-26T02:20:02.552Z] Erro ao criar agendamento:
[2025-04-26T02:20:02.767Z] Erro ao criar agendamento:
[2025-04-26T02:21:37.582Z] Erro ao criar agendamento:
[2025-04-26T02:26:52.695Z] Erro ao criar agendamento:
[2025-04-26T02:27:30.365Z] Erro ao criar agendamento:
[2025-04-26T02:29:03.978Z] Erro ao criar agendamento:
[2025-04-26T02:29:45.306Z] Erro ao criar agendamento:
[2025-04-26T02:29:49.840Z] Erro ao criar agendamento:
[2025-04-26T02:30:35.472Z] Erro ao criar agendamento:
[2025-04-26T02:34:52.086Z] Erro ao criar agendamento:
[2025-04-26T02:35:23.471Z] Erro ao criar agendamento:
[2025-04-26T02:36:33.340Z] Erro ao criar agendamento:
[2025-04-26T02:36:38.831Z] Erro ao criar agendamento:
